<?xml version="1.0" encoding="UTF-8"?>
<!-- Generated by org.testng.reporters.JUnitReportReporter -->
<testsuite hostname="DESKTOP-7QD66SA" failures="0" tests="4" name="com.bridgelabz.test.InstagramTest" time="271.055" errors="0" timestamp="2023-03-10T18:50:37 IST" skipped="0">
  <testcase classname="com.bridgelabz.test.InstagramTest" name="redirectOnToTheSignUp" time="67.097"/>
  <system-out/>
  <testcase classname="com.bridgelabz.test.InstagramTest" name="insertTheDataIntoTheRegistrationForm" time="32.109"/>
  <system-out/>
  <testcase classname="com.bridgelabz.test.InstagramTest" name="loginInToTheInstagram" time="79.685"/>
  <system-out/>
  <testcase classname="com.bridgelabz.test.InstagramTest" name="loginInToTheInstagram" time="92.164"/>
  <system-out/>
</testsuite> <!-- com.bridgelabz.test.InstagramTest -->
