<?xml version="1.0" encoding="UTF-8"?>
<!-- Generated by org.testng.reporters.JUnitReportReporter -->
<testsuite hostname="DESKTOP-7QD66SA" failures="0" tests="4" name="com.bridgelabz.test.InstagramTest" time="284.396" errors="0" timestamp="2023-03-07T23:47:16 IST" skipped="0">
  <testcase classname="com.bridgelabz.test.InstagramTest" name="redirectOnToTheSignUp" time="42.410"/>
  <system-out/>
  <testcase classname="com.bridgelabz.test.InstagramTest" name="insertTheDataIntoTheRegistrationForm" time="37.961"/>
  <system-out/>
  <testcase classname="com.bridgelabz.test.InstagramTest" name="loginInToTheInstagram" time="126.309"/>
  <system-out/>
  <testcase classname="com.bridgelabz.test.InstagramTest" name="loginInToTheInstagram" time="77.716"/>
  <system-out/>
</testsuite> <!-- com.bridgelabz.test.InstagramTest -->
